SF:/Users/wolf/.nuget/packages/microsoft.net.test.sdk/17.9.0/build/netcoreapp3.1/Microsoft.NET.Test.Sdk.Program.cs
FN:3,System.Void AutoGeneratedProgram::Main(System.String[])
FNDA:0,System.Void AutoGeneratedProgram::Main(System.String[])
DA:4,0
LF:1
LH:0
BRF:0
BRH:0
FNF:1
FNH:0
end_of_record
SF:/Users/wolf/Coden/WB.AppConfiguration/tests/ConfigurationTests/src/PropertyTests/ValuesPropertyTests.cs
FN:15,System.String ConfigurationTests.PropertyTests.ValuesPropertyTests.NoLayerDataAttribute::GetDisplayName(System.Reflection.MethodInfo,System.Object[])
FNDA:0,System.String ConfigurationTests.PropertyTests.ValuesPropertyTests.NoLayerDataAttribute::GetDisplayName(System.Reflection.MethodInfo,System.Object[])
DA:16,0
FN:10,System.Boolean ConfigurationTests.PropertyTests.ValuesPropertyTests.NoLayerDataAttribute/<GetData>d__0::MoveNext()
FNDA:0,System.Boolean ConfigurationTests.PropertyTests.ValuesPropertyTests.NoLayerDataAttribute/<GetData>d__0::MoveNext()
DA:11,0
DA:12,0
DA:13,0
FN:30,System.String ConfigurationTests.PropertyTests.ValuesPropertyTests.OneLayerDataAttribute::GetDisplayName(System.Reflection.MethodInfo,System.Object[])
FNDA:0,System.String ConfigurationTests.PropertyTests.ValuesPropertyTests.OneLayerDataAttribute::GetDisplayName(System.Reflection.MethodInfo,System.Object[])
DA:31,0
FN:21,System.Boolean ConfigurationTests.PropertyTests.ValuesPropertyTests.OneLayerDataAttribute/<GetData>d__0::MoveNext()
FNDA:0,System.Boolean ConfigurationTests.PropertyTests.ValuesPropertyTests.OneLayerDataAttribute/<GetData>d__0::MoveNext()
DA:22,0
DA:23,0
DA:24,0
DA:25,0
DA:26,0
DA:27,0
DA:28,0
FN:50,System.String ConfigurationTests.PropertyTests.ValuesPropertyTests.MultipleLayerDataAttribute::GetDisplayName(System.Reflection.MethodInfo,System.Object[])
FNDA:0,System.String ConfigurationTests.PropertyTests.ValuesPropertyTests.MultipleLayerDataAttribute::GetDisplayName(System.Reflection.MethodInfo,System.Object[])
DA:51,0
FN:36,System.Boolean ConfigurationTests.PropertyTests.ValuesPropertyTests.MultipleLayerDataAttribute/<GetData>d__0::MoveNext()
FNDA:0,System.Boolean ConfigurationTests.PropertyTests.ValuesPropertyTests.MultipleLayerDataAttribute/<GetData>d__0::MoveNext()
DA:37,0
DA:38,0
DA:39,0
DA:40,0
DA:41,0
DA:42,0
DA:43,0
DA:44,0
DA:45,0
DA:46,0
DA:47,0
DA:48,0
FN:61,System.Void ConfigurationTests.PropertyTests.ValuesPropertyTests.TheValuesProperty::ShouldProvideTheTopMostValues(System.Collections.Generic.IEnumerable`1<System.Object>,System.Collections.Generic.IEnumerable`1<System.Object>)
FNDA:0,System.Void ConfigurationTests.PropertyTests.ValuesPropertyTests.TheValuesProperty::ShouldProvideTheTopMostValues(System.Collections.Generic.IEnumerable`1<System.Object>,System.Collections.Generic.IEnumerable`1<System.Object>)
DA:62,0
DA:64,0
DA:67,0
DA:68,0
DA:69,0
DA:70,0
DA:73,0
DA:74,0
BRDA:67,40,1,0
BRDA:67,40,0,0
LF:33
LH:0
BRF:2
BRH:0
FNF:7
FNH:0
end_of_record
SF:/Users/wolf/Coden/WB.AppConfiguration/tests/ConfigurationTests/src/PropertyTests/KeysPropertyTests.cs
FN:15,System.String ConfigurationTests.PropertyTests.KeysPropertyTests.NoLayerDataAttribute::GetDisplayName(System.Reflection.MethodInfo,System.Object[])
FNDA:0,System.String ConfigurationTests.PropertyTests.KeysPropertyTests.NoLayerDataAttribute::GetDisplayName(System.Reflection.MethodInfo,System.Object[])
DA:16,0
FN:10,System.Boolean ConfigurationTests.PropertyTests.KeysPropertyTests.NoLayerDataAttribute/<GetData>d__0::MoveNext()
FNDA:0,System.Boolean ConfigurationTests.PropertyTests.KeysPropertyTests.NoLayerDataAttribute/<GetData>d__0::MoveNext()
DA:11,0
DA:12,0
DA:13,0
FN:30,System.String ConfigurationTests.PropertyTests.KeysPropertyTests.OneLayerDataAttribute::GetDisplayName(System.Reflection.MethodInfo,System.Object[])
FNDA:0,System.String ConfigurationTests.PropertyTests.KeysPropertyTests.OneLayerDataAttribute::GetDisplayName(System.Reflection.MethodInfo,System.Object[])
DA:31,0
FN:21,System.Boolean ConfigurationTests.PropertyTests.KeysPropertyTests.OneLayerDataAttribute/<GetData>d__0::MoveNext()
FNDA:0,System.Boolean ConfigurationTests.PropertyTests.KeysPropertyTests.OneLayerDataAttribute/<GetData>d__0::MoveNext()
DA:22,0
DA:23,0
DA:24,0
DA:25,0
DA:26,0
DA:27,0
DA:28,0
FN:50,System.String ConfigurationTests.PropertyTests.KeysPropertyTests.MultipleLayerDataAttribute::GetDisplayName(System.Reflection.MethodInfo,System.Object[])
FNDA:0,System.String ConfigurationTests.PropertyTests.KeysPropertyTests.MultipleLayerDataAttribute::GetDisplayName(System.Reflection.MethodInfo,System.Object[])
DA:51,0
FN:36,System.Boolean ConfigurationTests.PropertyTests.KeysPropertyTests.MultipleLayerDataAttribute/<GetData>d__0::MoveNext()
FNDA:0,System.Boolean ConfigurationTests.PropertyTests.KeysPropertyTests.MultipleLayerDataAttribute/<GetData>d__0::MoveNext()
DA:37,0
DA:38,0
DA:39,0
DA:40,0
DA:41,0
DA:42,0
DA:43,0
DA:44,0
DA:45,0
DA:46,0
DA:47,0
DA:48,0
FN:62,System.Void ConfigurationTests.PropertyTests.KeysPropertyTests.TheKeysProperty::ShouldProvideTheDistnictSetOfKeys(System.Collections.Generic.IEnumerable`1<System.Object>,System.Collections.Generic.IEnumerable`1<System.Object>)
FNDA:0,System.Void ConfigurationTests.PropertyTests.KeysPropertyTests.TheKeysProperty::ShouldProvideTheDistnictSetOfKeys(System.Collections.Generic.IEnumerable`1<System.Object>,System.Collections.Generic.IEnumerable`1<System.Object>)
DA:63,0
DA:65,0
DA:68,0
DA:69,0
DA:70,0
DA:71,0
DA:74,0
DA:75,0
BRDA:68,40,1,0
BRDA:68,40,0,0
LF:33
LH:0
BRF:2
BRH:0
FNF:7
FNH:0
end_of_record
SF:/Users/wolf/Coden/WB.AppConfiguration/tests/ConfigurationTests/src/PropertyTests/CountPropertyTests.cs
FN:15,System.String ConfigurationTests.PropertyTests.CountPropertyTests.NoLayerDataAttribute::GetDisplayName(System.Reflection.MethodInfo,System.Object[])
FNDA:0,System.String ConfigurationTests.PropertyTests.CountPropertyTests.NoLayerDataAttribute::GetDisplayName(System.Reflection.MethodInfo,System.Object[])
DA:16,0
FN:10,System.Boolean ConfigurationTests.PropertyTests.CountPropertyTests.NoLayerDataAttribute/<GetData>d__0::MoveNext()
FNDA:0,System.Boolean ConfigurationTests.PropertyTests.CountPropertyTests.NoLayerDataAttribute/<GetData>d__0::MoveNext()
DA:11,0
DA:12,0
DA:13,0
FN:33,System.String ConfigurationTests.PropertyTests.CountPropertyTests.OneLayerDataAttribute::GetDisplayName(System.Reflection.MethodInfo,System.Object[])
FNDA:0,System.String ConfigurationTests.PropertyTests.CountPropertyTests.OneLayerDataAttribute::GetDisplayName(System.Reflection.MethodInfo,System.Object[])
DA:34,0
FN:21,System.Boolean ConfigurationTests.PropertyTests.CountPropertyTests.OneLayerDataAttribute/<GetData>d__0::MoveNext()
FNDA:0,System.Boolean ConfigurationTests.PropertyTests.CountPropertyTests.OneLayerDataAttribute/<GetData>d__0::MoveNext()
DA:22,0
DA:23,0
DA:24,0
DA:25,0
DA:26,0
DA:27,0
DA:28,0
DA:29,0
DA:30,0
DA:31,0
FN:53,System.String ConfigurationTests.PropertyTests.CountPropertyTests.MultipleLayerDataAttribute::GetDisplayName(System.Reflection.MethodInfo,System.Object[])
FNDA:0,System.String ConfigurationTests.PropertyTests.CountPropertyTests.MultipleLayerDataAttribute::GetDisplayName(System.Reflection.MethodInfo,System.Object[])
DA:54,0
FN:39,System.Boolean ConfigurationTests.PropertyTests.CountPropertyTests.MultipleLayerDataAttribute/<GetData>d__0::MoveNext()
FNDA:0,System.Boolean ConfigurationTests.PropertyTests.CountPropertyTests.MultipleLayerDataAttribute/<GetData>d__0::MoveNext()
DA:40,0
DA:41,0
DA:42,0
DA:43,0
DA:44,0
DA:45,0
DA:46,0
DA:47,0
DA:48,0
DA:49,0
DA:50,0
DA:51,0
FN:65,System.Void ConfigurationTests.PropertyTests.CountPropertyTests.TheKeysProperty::ShouldCountTheNumberOfKeys(System.Collections.Generic.IEnumerable`1<System.Object>,System.Int32)
FNDA:0,System.Void ConfigurationTests.PropertyTests.CountPropertyTests.TheKeysProperty::ShouldCountTheNumberOfKeys(System.Collections.Generic.IEnumerable`1<System.Object>,System.Int32)
DA:66,0
DA:68,0
DA:71,0
DA:72,0
DA:73,0
DA:74,0
DA:77,0
DA:78,0
BRDA:71,40,1,0
BRDA:71,40,0,0
LF:36
LH:0
BRF:2
BRH:0
FNF:7
FNH:0
end_of_record
SF:/Users/wolf/Coden/WB.AppConfiguration/tests/ConfigurationTests/src/PropertyTests/LayersPropertyTests.cs
FN:12,System.Void ConfigurationTests.PropertyTests.CountPropertyTests.TheLayersProperty::ShouldBeEmptyAtDefault()
FNDA:0,System.Void ConfigurationTests.PropertyTests.CountPropertyTests.TheLayersProperty::ShouldBeEmptyAtDefault()
DA:13,0
DA:15,0
DA:18,0
DA:21,0
DA:22,0
FN:25,System.Void ConfigurationTests.PropertyTests.CountPropertyTests.TheLayersProperty::ShouldProvideTheListOfPushedLayers()
FNDA:0,System.Void ConfigurationTests.PropertyTests.CountPropertyTests.TheLayersProperty::ShouldProvideTheListOfPushedLayers()
DA:26,0
DA:28,0
DA:29,0
DA:30,0
DA:32,0
DA:33,0
DA:36,0
DA:39,0
DA:40,0
LF:14
LH:0
BRF:0
BRH:0
FNF:2
FNH:0
end_of_record
SF:/Users/wolf/Coden/WB.AppConfiguration/tests/ConfigurationTests/src/OperatorTests/IndexOperatorGetterTests.cs
FN:21,System.String ConfigurationTests.OperatorTests.IndexOperatorGetterTests.OneLayerDataAttribute::GetDisplayName(System.Reflection.MethodInfo,System.Object[])
FNDA:0,System.String ConfigurationTests.OperatorTests.IndexOperatorGetterTests.OneLayerDataAttribute::GetDisplayName(System.Reflection.MethodInfo,System.Object[])
DA:22,0
FN:11,System.Boolean ConfigurationTests.OperatorTests.IndexOperatorGetterTests.OneLayerDataAttribute/<GetData>d__0::MoveNext()
FNDA:0,System.Boolean ConfigurationTests.OperatorTests.IndexOperatorGetterTests.OneLayerDataAttribute/<GetData>d__0::MoveNext()
DA:12,0
DA:13,0
DA:14,0
DA:15,0
DA:16,0
DA:17,0
DA:18,0
DA:19,0
FN:42,System.String ConfigurationTests.OperatorTests.IndexOperatorGetterTests.MultipleLayerDataAttribute::GetDisplayName(System.Reflection.MethodInfo,System.Object[])
FNDA:0,System.String ConfigurationTests.OperatorTests.IndexOperatorGetterTests.MultipleLayerDataAttribute::GetDisplayName(System.Reflection.MethodInfo,System.Object[])
DA:43,0
FN:27,System.Boolean ConfigurationTests.OperatorTests.IndexOperatorGetterTests.MultipleLayerDataAttribute/<GetData>d__0::MoveNext()
FNDA:0,System.Boolean ConfigurationTests.OperatorTests.IndexOperatorGetterTests.MultipleLayerDataAttribute/<GetData>d__0::MoveNext()
DA:28,0
DA:29,0
DA:30,0
DA:31,0
DA:32,0
DA:33,0
DA:34,0
DA:35,0
DA:36,0
DA:37,0
DA:38,0
DA:39,0
DA:40,0
FN:53,System.Void ConfigurationTests.OperatorTests.IndexOperatorGetterTests.TheGetterOfTheIndexOperator::ShouldReturnTheTopMonstValueForAKey(System.Collections.Generic.IEnumerable`1<System.Object>,System.String,System.Object)
FNDA:0,System.Void ConfigurationTests.OperatorTests.IndexOperatorGetterTests.TheGetterOfTheIndexOperator::ShouldReturnTheTopMonstValueForAKey(System.Collections.Generic.IEnumerable`1<System.Object>,System.String,System.Object)
DA:54,0
DA:56,0
DA:58,0
DA:59,0
DA:60,0
DA:61,0
DA:64,0
DA:67,0
DA:68,0
BRDA:58,40,1,0
BRDA:58,40,0,0
FN:71,System.Void ConfigurationTests.OperatorTests.IndexOperatorGetterTests.TheGetterOfTheIndexOperator::ShouldThrowArgumentNullExceptionIfKeyIsNull()
FNDA:0,System.Void ConfigurationTests.OperatorTests.IndexOperatorGetterTests.TheGetterOfTheIndexOperator::ShouldThrowArgumentNullExceptionIfKeyIsNull()
DA:72,0
DA:74,0
DA:77,0
DA:78,0
DA:79,0
DA:80,0
DA:83,0
DA:84,0
FN:87,System.Void ConfigurationTests.OperatorTests.IndexOperatorGetterTests.TheGetterOfTheIndexOperator::ShouldThrowKeyNotFoundExceptionWhenKeyIsNotFound()
FNDA:0,System.Void ConfigurationTests.OperatorTests.IndexOperatorGetterTests.TheGetterOfTheIndexOperator::ShouldThrowKeyNotFoundExceptionWhenKeyIsNotFound()
DA:88,0
DA:90,0
DA:93,0
DA:94,0
DA:95,0
DA:96,0
DA:99,0
DA:100,0
LF:48
LH:0
BRF:2
BRH:0
FNF:7
FNH:0
end_of_record
SF:/Users/wolf/Coden/WB.AppConfiguration/tests/ConfigurationTests/src/MethodTests/TryGetValueMethodTests.cs
FN:10,System.Void ConfigurationTests.MethodTests.TryGetValueMethodTests.TheTryGetValueMethod::ShouldDeliverTheValueAndReturnTrueIfTheValueExists()
FNDA:0,System.Void ConfigurationTests.MethodTests.TryGetValueMethodTests.TheTryGetValueMethod::ShouldDeliverTheValueAndReturnTrueIfTheValueExists()
DA:11,0
DA:13,0
DA:14,0
DA:17,0
DA:20,0
DA:21,0
DA:22,0
FN:25,System.Void ConfigurationTests.MethodTests.TryGetValueMethodTests.TheTryGetValueMethod::ShouldDeliverNullAndReturnFalseIfTheValueDoesNotExist()
FNDA:0,System.Void ConfigurationTests.MethodTests.TryGetValueMethodTests.TheTryGetValueMethod::ShouldDeliverNullAndReturnFalseIfTheValueDoesNotExist()
DA:26,0
DA:28,0
DA:31,0
DA:34,0
DA:35,0
DA:36,0
LF:13
LH:0
BRF:0
BRH:0
FNF:2
FNH:0
end_of_record
SF:/Users/wolf/Coden/WB.AppConfiguration/tests/ConfigurationTests/src/MethodTests/RemoveMethodTests.cs
FN:10,System.Void ConfigurationTests.MethodTests.RemoveMethodTests.TheRemoveMethod::ShouldRemoveTheLayer()
FNDA:0,System.Void ConfigurationTests.MethodTests.RemoveMethodTests.TheRemoveMethod::ShouldRemoveTheLayer()
DA:11,0
DA:13,0
DA:14,0
DA:15,0
DA:16,0
DA:17,0
DA:18,0
DA:19,0
DA:22,0
DA:25,0
DA:26,0
DA:27,0
DA:28,0
DA:29,0
DA:30,0
DA:31,0
FN:34,System.Void ConfigurationTests.MethodTests.RemoveMethodTests.TheRemoveMethod::ShouldThrowArgumentNullExceptionIfLayerIsNull()
FNDA:0,System.Void ConfigurationTests.MethodTests.RemoveMethodTests.TheRemoveMethod::ShouldThrowArgumentNullExceptionIfLayerIsNull()
DA:35,0
DA:37,0
DA:40,0
DA:43,0
DA:44,0
LF:21
LH:0
BRF:0
BRH:0
FNF:2
FNH:0
end_of_record
SF:/Users/wolf/Coden/WB.AppConfiguration/tests/ConfigurationTests/src/MethodTests/PushMethodTests.cs
FN:19,System.String ConfigurationTests.MethodTests.PushMethodTests.DictionaryDataTest::GetDisplayName(System.Reflection.MethodInfo,System.Object[])
FNDA:0,System.String ConfigurationTests.MethodTests.PushMethodTests.DictionaryDataTest::GetDisplayName(System.Reflection.MethodInfo,System.Object[])
DA:20,0
FN:11,System.Boolean ConfigurationTests.MethodTests.PushMethodTests.DictionaryDataTest/<GetData>d__0::MoveNext()
FNDA:0,System.Boolean ConfigurationTests.MethodTests.PushMethodTests.DictionaryDataTest/<GetData>d__0::MoveNext()
DA:12,0
DA:13,0
DA:14,0
DA:15,0
DA:16,0
DA:17,0
FN:33,System.String ConfigurationTests.MethodTests.PushMethodTests.ObjectDataTest::GetDisplayName(System.Reflection.MethodInfo,System.Object[])
FNDA:0,System.String ConfigurationTests.MethodTests.PushMethodTests.ObjectDataTest::GetDisplayName(System.Reflection.MethodInfo,System.Object[])
DA:34,0
FN:25,System.Boolean ConfigurationTests.MethodTests.PushMethodTests.ObjectDataTest/<GetData>d__0::MoveNext()
FNDA:0,System.Boolean ConfigurationTests.MethodTests.PushMethodTests.ObjectDataTest/<GetData>d__0::MoveNext()
DA:26,0
DA:27,0
DA:28,0
DA:29,0
DA:30,0
DA:31,0
FN:43,System.Void ConfigurationTests.MethodTests.PushMethodTests.ThePushMethod::ShouldPushOnObject(System.Object)
FNDA:0,System.Void ConfigurationTests.MethodTests.PushMethodTests.ThePushMethod::ShouldPushOnObject(System.Object)
DA:44,0
DA:46,0
DA:49,0
DA:52,0
DA:53,0
FN:56,System.Void ConfigurationTests.MethodTests.PushMethodTests.ThePushMethod::ShouldThrowArgumentNullExceptionIfObjectIsNull()
FNDA:0,System.Void ConfigurationTests.MethodTests.PushMethodTests.ThePushMethod::ShouldThrowArgumentNullExceptionIfObjectIsNull()
DA:57,0
DA:59,0
DA:62,0
DA:65,0
DA:67,0
FN:70,System.Void ConfigurationTests.MethodTests.PushMethodTests.ThePushMethod::ShouldThrowNotSupportedExeptionIfLayerIsAnIList()
FNDA:0,System.Void ConfigurationTests.MethodTests.PushMethodTests.ThePushMethod::ShouldThrowNotSupportedExeptionIfLayerIsAnIList()
DA:71,0
DA:73,0
DA:76,0
DA:79,0
DA:81,0
FN:84,System.Void ConfigurationTests.MethodTests.PushMethodTests.ThePushMethod::ShouldReturnAnIDisposable()
FNDA:0,System.Void ConfigurationTests.MethodTests.PushMethodTests.ThePushMethod::ShouldReturnAnIDisposable()
DA:85,0
DA:87,0
DA:90,0
DA:93,0
DA:94,0
FN:97,System.Void ConfigurationTests.MethodTests.PushMethodTests.ThePushMethod::ShouldReturnAnIDisposableThatRemovesTheLayerOnDispose()
FNDA:0,System.Void ConfigurationTests.MethodTests.PushMethodTests.ThePushMethod::ShouldReturnAnIDisposableThatRemovesTheLayerOnDispose()
DA:98,0
DA:100,0
DA:103,0
DA:104,0
DA:107,0
DA:108,0
DA:111,0
DA:114,0
DA:115,0
DA:118,0
DA:121,0
DA:122,0
DA:123,0
LF:47
LH:0
BRF:0
BRH:0
FNF:9
FNH:0
end_of_record
SF:/Users/wolf/Coden/WB.AppConfiguration/tests/ConfigurationTests/src/MethodTests/PopMethodTests.cs
FN:10,System.Void ConfigurationTests.MethodTests.PopMethodTests.ThePopMethod::ShouldPopTheLastObject()
FNDA:0,System.Void ConfigurationTests.MethodTests.PopMethodTests.ThePopMethod::ShouldPopTheLastObject()
DA:11,0
DA:13,0
DA:14,0
DA:15,0
DA:16,0
DA:19,0
DA:22,0
DA:23,0
DA:24,0
DA:25,0
DA:26,0
DA:27,0
DA:28,0
FN:31,System.Void ConfigurationTests.MethodTests.PopMethodTests.ThePopMethod::ShouldThrowInvalidOperationExceptionIfConfigurationIsEmpty()
FNDA:0,System.Void ConfigurationTests.MethodTests.PopMethodTests.ThePopMethod::ShouldThrowInvalidOperationExceptionIfConfigurationIsEmpty()
DA:32,0
DA:34,0
DA:37,0
DA:40,0
DA:41,0
LF:18
LH:0
BRF:0
BRH:0
FNF:2
FNH:0
end_of_record
SF:/Users/wolf/Coden/WB.AppConfiguration/tests/ConfigurationTests/src/MethodTests/GetEnumeratorMethodTests.cs
FN:12,System.Void ConfigurationTests.MethodTests.GetEnumeratorMethodTests.TheGetEnumeratorMethod::ShouldProvideAnEnumerator()
FNDA:0,System.Void ConfigurationTests.MethodTests.GetEnumeratorMethodTests.TheGetEnumeratorMethod::ShouldProvideAnEnumerator()
DA:13,0
DA:15,0
DA:16,0
DA:17,0
DA:18,0
DA:20,0
DA:23,0
DA:24,0
DA:25,0
DA:26,0
DA:29,0
DA:30,0
DA:31,0
DA:32,0
DA:33,0
DA:34,0
DA:35,0
DA:36,0
BRDA:23,97,1,0
BRDA:23,97,0,0
FN:39,System.Void ConfigurationTests.MethodTests.GetEnumeratorMethodTests.TheGetEnumeratorMethod::ShouldProvideAnEnumerator2()
FNDA:0,System.Void ConfigurationTests.MethodTests.GetEnumeratorMethodTests.TheGetEnumeratorMethod::ShouldProvideAnEnumerator2()
DA:40,0
DA:42,0
DA:43,0
DA:44,0
DA:45,0
DA:47,0
DA:50,0
DA:51,0
DA:52,0
DA:53,0
DA:56,0
DA:57,0
DA:58,0
DA:59,0
DA:60,0
DA:61,0
DA:62,0
DA:63,0
BRDA:50,102,1,0
BRDA:50,102,0,0
LF:36
LH:0
BRF:4
BRH:0
FNF:2
FNH:0
end_of_record
SF:/Users/wolf/Coden/WB.AppConfiguration/tests/ConfigurationTests/src/MethodTests/ContainsKeyMethodTests.cs
FN:10,System.Void ConfigurationTests.MethodTests.ContainsKeyMethodTests.ThePushMethod::ShouldPushOnObject()
FNDA:0,System.Void ConfigurationTests.MethodTests.ContainsKeyMethodTests.ThePushMethod::ShouldPushOnObject()
DA:11,0
DA:13,0
DA:16,0
DA:19,0
DA:22,0
DA:23,0
FN:26,System.Void ConfigurationTests.MethodTests.ContainsKeyMethodTests.ThePushMethod::ShouldThrowArgumentNullExceptionIfKeyIsNull()
FNDA:0,System.Void ConfigurationTests.MethodTests.ContainsKeyMethodTests.ThePushMethod::ShouldThrowArgumentNullExceptionIfKeyIsNull()
DA:27,0
DA:29,0
DA:32,0
DA:35,0
DA:36,0
LF:11
LH:0
BRF:0
BRH:0
FNF:2
FNH:0
end_of_record
SF:/Users/wolf/Coden/WB.AppConfiguration/tests/ConfigurationTests/src/ExtensionMethodTests/TryGetValue{TValue}MethodTests.cs
FN:11,System.Void ConfigurationTests.ExtensionMethodTests.TryGetValue_TValue_MethodTests.TheTryGetValueMethod::ShouldDeliverTheValueAndReturnTrueIfTheValueExists()
FNDA:0,System.Void ConfigurationTests.ExtensionMethodTests.TryGetValue_TValue_MethodTests.TheTryGetValueMethod::ShouldDeliverTheValueAndReturnTrueIfTheValueExists()
DA:12,0
DA:14,0
DA:15,0
DA:18,0
DA:21,0
DA:22,0
DA:23,0
FN:26,System.Void ConfigurationTests.ExtensionMethodTests.TryGetValue_TValue_MethodTests.TheTryGetValueMethod::ShouldDeliverNullAndReturnFalseIfTheValueDoesNotExist()
FNDA:0,System.Void ConfigurationTests.ExtensionMethodTests.TryGetValue_TValue_MethodTests.TheTryGetValueMethod::ShouldDeliverNullAndReturnFalseIfTheValueDoesNotExist()
DA:27,0
DA:29,0
DA:32,0
DA:35,0
DA:36,0
DA:37,0
FN:40,System.Void ConfigurationTests.ExtensionMethodTests.TryGetValue_TValue_MethodTests.TheTryGetValueMethod::ShouldThrowInvalidCastExceptionIfTheValueCouldNotBeConverted()
FNDA:0,System.Void ConfigurationTests.ExtensionMethodTests.TryGetValue_TValue_MethodTests.TheTryGetValueMethod::ShouldThrowInvalidCastExceptionIfTheValueCouldNotBeConverted()
DA:41,0
DA:43,0
DA:44,0
DA:47,0
DA:50,0
DA:51,0
LF:19
LH:0
BRF:0
BRH:0
FNF:3
FNH:0
end_of_record
SF:/Users/wolf/Coden/WB.AppConfiguration/tests/ConfigurationTests/src/ExtensionMethodTests/TryGetValue(key,type)MethodTests.cs
FN:11,System.Void ConfigurationTests.ExtensionMethodTests.TryGetValue__key_type__MethodTests.TheTryGetValueMethod::ShouldDeliverTheValueAndReturnTrueIfTheValueExists()
FNDA:0,System.Void ConfigurationTests.ExtensionMethodTests.TryGetValue__key_type__MethodTests.TheTryGetValueMethod::ShouldDeliverTheValueAndReturnTrueIfTheValueExists()
DA:12,0
DA:14,0
DA:15,0
DA:18,0
DA:21,0
DA:22,0
DA:23,0
FN:26,System.Void ConfigurationTests.ExtensionMethodTests.TryGetValue__key_type__MethodTests.TheTryGetValueMethod::ShouldDeliverNullAndReturnFalseIfTheValueDoesNotExist()
FNDA:0,System.Void ConfigurationTests.ExtensionMethodTests.TryGetValue__key_type__MethodTests.TheTryGetValueMethod::ShouldDeliverNullAndReturnFalseIfTheValueDoesNotExist()
DA:27,0
DA:29,0
DA:32,0
DA:35,0
DA:36,0
DA:37,0
FN:40,System.Void ConfigurationTests.ExtensionMethodTests.TryGetValue__key_type__MethodTests.TheTryGetValueMethod::ShouldThrowInvalidCastExceptionIfTheValueCouldNotBeConverted()
FNDA:0,System.Void ConfigurationTests.ExtensionMethodTests.TryGetValue__key_type__MethodTests.TheTryGetValueMethod::ShouldThrowInvalidCastExceptionIfTheValueCouldNotBeConverted()
DA:41,0
DA:43,0
DA:44,0
DA:47,0
DA:50,0
DA:51,0
LF:19
LH:0
BRF:0
BRH:0
FNF:3
FNH:0
end_of_record
SF:/Users/wolf/Coden/WB.AppConfiguration/tests/ConfigurationTests/src/ExtensionMethodTests/Get{TValue}MethodTests.cs
FN:10,System.String ConfigurationTests.ExtensionMethodTests.Get_TValue_MethodTests.TestConfiguration::get_StringProperty()
FNDA:0,System.String ConfigurationTests.ExtensionMethodTests.Get_TValue_MethodTests.TestConfiguration::get_StringProperty()
DA:11,0
FN:12,System.Int32 ConfigurationTests.ExtensionMethodTests.Get_TValue_MethodTests.TestConfiguration::get_IntProperty()
FNDA:0,System.Int32 ConfigurationTests.ExtensionMethodTests.Get_TValue_MethodTests.TestConfiguration::get_IntProperty()
DA:13,0
FN:14,System.Boolean ConfigurationTests.ExtensionMethodTests.Get_TValue_MethodTests.TestConfiguration::get_BoolProperty()
FNDA:0,System.Boolean ConfigurationTests.ExtensionMethodTests.Get_TValue_MethodTests.TestConfiguration::get_BoolProperty()
DA:15,0
FN:16,System.Collections.Generic.IReadOnlyList`1<System.String> ConfigurationTests.ExtensionMethodTests.Get_TValue_MethodTests.TestConfiguration::get_StringListProperty()
FNDA:0,System.Collections.Generic.IReadOnlyList`1<System.String> ConfigurationTests.ExtensionMethodTests.Get_TValue_MethodTests.TestConfiguration::get_StringListProperty()
DA:17,0
FN:31,System.String ConfigurationTests.ExtensionMethodTests.Get_TValue_MethodTests.EmptyConfigurationDataAttribute::GetDisplayName(System.Reflection.MethodInfo,System.Object[])
FNDA:0,System.String ConfigurationTests.ExtensionMethodTests.Get_TValue_MethodTests.EmptyConfigurationDataAttribute::GetDisplayName(System.Reflection.MethodInfo,System.Object[])
DA:32,0
FN:22,System.Boolean ConfigurationTests.ExtensionMethodTests.Get_TValue_MethodTests.EmptyConfigurationDataAttribute/<GetData>d__0::MoveNext()
FNDA:0,System.Boolean ConfigurationTests.ExtensionMethodTests.Get_TValue_MethodTests.EmptyConfigurationDataAttribute/<GetData>d__0::MoveNext()
DA:23,0
DA:24,0
DA:25,0
DA:26,0
DA:27,0
DA:28,0
DA:29,0
FN:59,System.String ConfigurationTests.ExtensionMethodTests.Get_TValue_MethodTests.SimpleTypesDataAttribute::GetDisplayName(System.Reflection.MethodInfo,System.Object[])
FNDA:0,System.String ConfigurationTests.ExtensionMethodTests.Get_TValue_MethodTests.SimpleTypesDataAttribute::GetDisplayName(System.Reflection.MethodInfo,System.Object[])
DA:60,0
FN:37,System.Boolean ConfigurationTests.ExtensionMethodTests.Get_TValue_MethodTests.SimpleTypesDataAttribute/<GetData>d__0::MoveNext()
FNDA:0,System.Boolean ConfigurationTests.ExtensionMethodTests.Get_TValue_MethodTests.SimpleTypesDataAttribute/<GetData>d__0::MoveNext()
DA:38,0
DA:39,0
DA:40,0
DA:41,0
DA:42,0
DA:43,0
DA:44,0
DA:45,0
DA:46,0
DA:47,0
DA:48,0
DA:49,0
DA:50,0
DA:51,0
DA:52,0
DA:53,0
DA:54,0
DA:55,0
DA:56,0
DA:57,0
FN:87,System.String ConfigurationTests.ExtensionMethodTests.Get_TValue_MethodTests.SimpleTypesWithConversionDataAttribute::GetDisplayName(System.Reflection.MethodInfo,System.Object[])
FNDA:0,System.String ConfigurationTests.ExtensionMethodTests.Get_TValue_MethodTests.SimpleTypesWithConversionDataAttribute::GetDisplayName(System.Reflection.MethodInfo,System.Object[])
DA:88,0
FN:65,System.Boolean ConfigurationTests.ExtensionMethodTests.Get_TValue_MethodTests.SimpleTypesWithConversionDataAttribute/<GetData>d__0::MoveNext()
FNDA:0,System.Boolean ConfigurationTests.ExtensionMethodTests.Get_TValue_MethodTests.SimpleTypesWithConversionDataAttribute/<GetData>d__0::MoveNext()
DA:66,0
DA:67,0
DA:68,0
DA:69,0
DA:70,0
DA:71,0
DA:72,0
DA:73,0
DA:74,0
DA:75,0
DA:76,0
DA:77,0
DA:78,0
DA:79,0
DA:80,0
DA:81,0
DA:82,0
DA:83,0
DA:84,0
DA:85,0
FN:111,System.String ConfigurationTests.ExtensionMethodTests.Get_TValue_MethodTests.IReadOnlyListFromArrayDataAttribute::GetDisplayName(System.Reflection.MethodInfo,System.Object[])
FNDA:0,System.String ConfigurationTests.ExtensionMethodTests.Get_TValue_MethodTests.IReadOnlyListFromArrayDataAttribute::GetDisplayName(System.Reflection.MethodInfo,System.Object[])
DA:112,0
FN:93,System.Boolean ConfigurationTests.ExtensionMethodTests.Get_TValue_MethodTests.IReadOnlyListFromArrayDataAttribute/<GetData>d__0::MoveNext()
FNDA:0,System.Boolean ConfigurationTests.ExtensionMethodTests.Get_TValue_MethodTests.IReadOnlyListFromArrayDataAttribute/<GetData>d__0::MoveNext()
DA:94,0
DA:95,0
DA:96,0
DA:97,0
DA:98,0
DA:99,0
DA:100,0
DA:101,0
DA:102,0
DA:103,0
DA:104,0
DA:105,0
DA:106,0
DA:107,0
DA:108,0
DA:109,0
FN:122,System.Void ConfigurationTests.ExtensionMethodTests.Get_TValue_MethodTests.TheGetMethod::ShouldReturnTheConfigurationValue(System.Collections.Generic.IEnumerable`1<System.Object>,ConfigurationTests.ExtensionMethodTests.Get_TValue_MethodTests.TestConfiguration)
FNDA:0,System.Void ConfigurationTests.ExtensionMethodTests.Get_TValue_MethodTests.TheGetMethod::ShouldReturnTheConfigurationValue(System.Collections.Generic.IEnumerable`1<System.Object>,ConfigurationTests.ExtensionMethodTests.Get_TValue_MethodTests.TestConfiguration)
DA:123,0
DA:125,0
DA:126,0
DA:128,0
DA:129,0
DA:130,0
DA:131,0
DA:134,0
DA:137,0
DA:138,0
BRDA:128,57,1,0
BRDA:128,57,0,0
FN:141,System.Void ConfigurationTests.ExtensionMethodTests.Get_TValue_MethodTests.TheGetMethod::ShouldThrowInvalidCastExceptionIfTheValueCouldNotBeConverted()
FNDA:0,System.Void ConfigurationTests.ExtensionMethodTests.Get_TValue_MethodTests.TheGetMethod::ShouldThrowInvalidCastExceptionIfTheValueCouldNotBeConverted()
DA:142,0
DA:144,0
DA:145,0
DA:148,0
DA:151,0
DA:152,0
LF:87
LH:0
BRF:2
BRH:0
FNF:14
FNH:0
end_of_record
SF:/Users/wolf/Coden/WB.AppConfiguration/tests/ConfigurationTests/src/ExtensionMethodTests/GetValue{TValue}(key)MethodTests.cs
FN:11,System.Void ConfigurationTests.ExtensionMethodTests.GetValue_TValue_key_MethodTests.TheGetValueMethod::ShouldReturnTheValueCastedToType()
FNDA:0,System.Void ConfigurationTests.ExtensionMethodTests.GetValue_TValue_key_MethodTests.TheGetValueMethod::ShouldReturnTheValueCastedToType()
DA:12,0
DA:14,0
DA:15,0
DA:18,0
DA:21,0
DA:22,0
FN:25,System.Void ConfigurationTests.ExtensionMethodTests.GetValue_TValue_key_MethodTests.TheGetValueMethod::ShouldThrowKeyNotFoundExceptionIfTheKeyDoesNotExist()
FNDA:0,System.Void ConfigurationTests.ExtensionMethodTests.GetValue_TValue_key_MethodTests.TheGetValueMethod::ShouldThrowKeyNotFoundExceptionIfTheKeyDoesNotExist()
DA:26,0
DA:28,0
DA:31,0
DA:34,0
DA:35,0
FN:38,System.Void ConfigurationTests.ExtensionMethodTests.GetValue_TValue_key_MethodTests.TheGetValueMethod::ShouldThrowInvalidCastExceptinIfTheValueCouldNotBeConverted()
FNDA:0,System.Void ConfigurationTests.ExtensionMethodTests.GetValue_TValue_key_MethodTests.TheGetValueMethod::ShouldThrowInvalidCastExceptinIfTheValueCouldNotBeConverted()
DA:39,0
DA:41,0
DA:42,0
DA:45,0
DA:48,0
DA:49,0
FN:52,System.Void ConfigurationTests.ExtensionMethodTests.GetValue_TValue_key_MethodTests.TheGetValueMethod::ShouldThrowInvalidCastExceptinIfTheValueIsNull()
FNDA:0,System.Void ConfigurationTests.ExtensionMethodTests.GetValue_TValue_key_MethodTests.TheGetValueMethod::ShouldThrowInvalidCastExceptinIfTheValueIsNull()
DA:53,0
DA:55,0
DA:56,0
DA:59,0
DA:62,0
DA:63,0
LF:23
LH:0
BRF:0
BRH:0
FNF:4
FNH:0
end_of_record
SF:/Users/wolf/Coden/WB.AppConfiguration/tests/ConfigurationTests/src/ExtensionMethodTests/GetValue(key,type)MethodTests.cs
FN:11,System.Void ConfigurationTests.ExtensionMethodTests.GetValue_key_type_MethodTests.TheGetValueMethod::ShouldReturnTheValueCastedToType()
FNDA:0,System.Void ConfigurationTests.ExtensionMethodTests.GetValue_key_type_MethodTests.TheGetValueMethod::ShouldReturnTheValueCastedToType()
DA:12,0
DA:14,0
DA:15,0
DA:18,0
DA:21,0
DA:22,0
DA:23,0
FN:26,System.Void ConfigurationTests.ExtensionMethodTests.GetValue_key_type_MethodTests.TheGetValueMethod::ShouldReturnNullIfTheValueIsNull()
FNDA:0,System.Void ConfigurationTests.ExtensionMethodTests.GetValue_key_type_MethodTests.TheGetValueMethod::ShouldReturnNullIfTheValueIsNull()
DA:27,0
DA:29,0
DA:30,0
DA:33,0
DA:36,0
DA:37,0
FN:40,System.Void ConfigurationTests.ExtensionMethodTests.GetValue_key_type_MethodTests.TheGetValueMethod::ShouldThrowKeyNotFoundExceptionIfTheKeyDoesNotExist()
FNDA:0,System.Void ConfigurationTests.ExtensionMethodTests.GetValue_key_type_MethodTests.TheGetValueMethod::ShouldThrowKeyNotFoundExceptionIfTheKeyDoesNotExist()
DA:41,0
DA:43,0
DA:46,0
DA:49,0
DA:50,0
FN:53,System.Void ConfigurationTests.ExtensionMethodTests.GetValue_key_type_MethodTests.TheGetValueMethod::ShouldThrowInvalidCastExceptinIfTheValueCouldNotBeConverted()
FNDA:0,System.Void ConfigurationTests.ExtensionMethodTests.GetValue_key_type_MethodTests.TheGetValueMethod::ShouldThrowInvalidCastExceptinIfTheValueCouldNotBeConverted()
DA:54,0
DA:56,0
DA:57,0
DA:60,0
DA:63,0
DA:64,0
LF:24
LH:0
BRF:0
BRH:0
FNF:4
FNH:0
end_of_record
SF:/Users/wolf/Coden/WB.AppConfiguration/tests/ConfigurationTests/src/ExtensionMethodTests/GetValue(key)MethodTests.cs
FN:11,System.Void ConfigurationTests.ExtensionMethodTests.GetValue_key_MethodTests.TheGetValueMethod::ShouldReturnTheValueCastedToType()
FNDA:0,System.Void ConfigurationTests.ExtensionMethodTests.GetValue_key_MethodTests.TheGetValueMethod::ShouldReturnTheValueCastedToType()
DA:12,0
DA:14,0
DA:15,0
DA:18,0
DA:21,0
DA:22,0
FN:25,System.Void ConfigurationTests.ExtensionMethodTests.GetValue_key_MethodTests.TheGetValueMethod::ShouldThrowKeyNotFoundExceptionIfTheKeyDoesNotExist()
FNDA:0,System.Void ConfigurationTests.ExtensionMethodTests.GetValue_key_MethodTests.TheGetValueMethod::ShouldThrowKeyNotFoundExceptionIfTheKeyDoesNotExist()
DA:26,0
DA:28,0
DA:31,0
DA:34,0
DA:35,0
LF:11
LH:0
BRF:0
BRH:0
FNF:2
FNH:0
end_of_record
SF:/Users/wolf/Coden/WB.AppConfiguration/tests/ConfigurationTests/src/ConstructorTests.cs
FN:7,System.Void ConfigurationTests.TheConstructorTests.TheConstructor::ShouldReturnAnInstance()
FNDA:0,System.Void ConfigurationTests.TheConstructorTests.TheConstructor::ShouldReturnAnInstance()
DA:8,0
DA:9,0
LF:2
LH:0
BRF:0
BRH:0
FNF:1
FNH:0
end_of_record
SF:/Users/wolf/Coden/WB.AppConfiguration/src/ActionDisposer.cs
FN:9,System.Void WB.AppConfiguration.ActionDisposer::Dispose()
FNDA:8,System.Void WB.AppConfiguration.ActionDisposer::Dispose()
DA:10,8
DA:11,8
DA:12,8
FN:4,System.Void WB.AppConfiguration.ActionDisposer::.ctor(System.Action)
FNDA:121,System.Void WB.AppConfiguration.ActionDisposer::.ctor(System.Action)
DA:5,121
DA:7,121
LF:5
LH:5
BRF:0
BRH:0
FNF:2
FNH:2
end_of_record
SF:/Users/wolf/Coden/WB.AppConfiguration/src/ConfigurationCollection.cs
FN:51,System.Object WB.AppConfiguration.ConfigurationCollection::get_Item(System.Object)
FNDA:20,System.Object WB.AppConfiguration.ConfigurationCollection::get_Item(System.Object)
DA:52,20
DA:53,20
DA:55,19
DA:56,15
DA:57,15
DA:60,4
DA:61,4
DA:63,15
BRDA:55,24,0,15
BRDA:55,24,1,4
FN:73,System.Collections.Generic.IEnumerable`1<System.Object> WB.AppConfiguration.ConfigurationCollection::get_Keys()
FNDA:9,System.Collections.Generic.IEnumerable`1<System.Object> WB.AppConfiguration.ConfigurationCollection::get_Keys()
DA:74,9
FN:97,System.Int32 WB.AppConfiguration.ConfigurationCollection::get_Count()
FNDA:3,System.Int32 WB.AppConfiguration.ConfigurationCollection::get_Count()
DA:98,3
FN:102,System.Collections.Generic.IEnumerable`1<System.Object> WB.AppConfiguration.ConfigurationCollection::get_Layers()
FNDA:7,System.Collections.Generic.IEnumerable`1<System.Object> WB.AppConfiguration.ConfigurationCollection::get_Layers()
DA:103,7
FN:110,System.Boolean WB.AppConfiguration.ConfigurationCollection::ContainsKey(System.Object)
FNDA:3,System.Boolean WB.AppConfiguration.ConfigurationCollection::ContainsKey(System.Object)
DA:111,3
DA:112,3
DA:114,2
DA:115,2
FN:118,System.Boolean WB.AppConfiguration.ConfigurationCollection::TryGetValue(System.Object,System.Object&)
FNDA:43,System.Boolean WB.AppConfiguration.ConfigurationCollection::TryGetValue(System.Object,System.Object&)
DA:119,43
DA:120,43
DA:121,28
DA:122,28
DA:124,28
DA:127,15
DA:128,15
DA:130,15
DA:132,43
BRDA:120,17,0,28
BRDA:120,17,1,15
FN:145,System.Collections.IEnumerator WB.AppConfiguration.ConfigurationCollection::System.Collections.IEnumerable.GetEnumerator()
FNDA:1,System.Collections.IEnumerator WB.AppConfiguration.ConfigurationCollection::System.Collections.IEnumerable.GetEnumerator()
DA:146,1
FN:155,System.IDisposable WB.AppConfiguration.ConfigurationCollection::Push(System.Object)
FNDA:55,System.IDisposable WB.AppConfiguration.ConfigurationCollection::Push(System.Object)
DA:156,55
DA:157,55
DA:159,54
DA:161,54
DA:162,17
DA:163,115
DA:164,32
DA:167,32
DA:169,32
DA:170,32
DA:171,17
DA:172,37
DA:173,1
DA:174,1
DA:177,36
DA:178,180
DA:179,36
DA:180,36
DA:184,36
DA:186,36
DA:187,36
DA:188,36
DA:190,57
DA:192,53
DA:194,53
DA:195,53
BRDA:161,72,0,17
BRDA:163,200,1,32
BRDA:163,200,0,17
BRDA:161,72,1,37
BRDA:172,253,0,1
BRDA:172,253,1,36
BRDA:178,403,1,36
BRDA:178,403,0,36
FN:202,System.Object WB.AppConfiguration.ConfigurationCollection::Pop()
FNDA:2,System.Object WB.AppConfiguration.ConfigurationCollection::Pop()
DA:203,2
DA:204,2
DA:205,1
DA:206,1
DA:209,1
DA:211,1
DA:213,1
DA:214,1
BRDA:204,17,0,1
BRDA:204,17,1,1
FN:221,System.Void WB.AppConfiguration.ConfigurationCollection::Remove(System.Object)
FNDA:2,System.Void WB.AppConfiguration.ConfigurationCollection::Remove(System.Object)
DA:222,2
DA:223,2
DA:225,1
DA:226,1
FN:231,System.Void WB.AppConfiguration.ConfigurationCollection::AddValueProvider(System.Object,System.Func`1<System.Object>)
FNDA:68,System.Void WB.AppConfiguration.ConfigurationCollection::AddValueProvider(System.Object,System.Func`1<System.Object>)
DA:232,68
DA:233,68
DA:234,10
DA:235,10
DA:236,10
DA:238,58
DA:239,58
DA:240,58
DA:241,58
DA:242,68
BRDA:233,17,0,10
BRDA:233,17,1,58
FN:244,System.Action WB.AppConfiguration.ConfigurationCollection::GetRemoveAction(System.Object,System.Func`1<System.Object>)
FNDA:68,System.Action WB.AppConfiguration.ConfigurationCollection::GetRemoveAction(System.Object,System.Func`1<System.Object>)
DA:245,68
DA:246,68
DA:247,4
DA:248,4
DA:249,68
DA:250,4
DA:251,3
DA:252,3
DA:253,3
DA:254,72
DA:255,68
BRDA:250,67,0,3
BRDA:250,67,1,4
FN:28,System.Void WB.AppConfiguration.ConfigurationCollection::.ctor()
FNDA:50,System.Void WB.AppConfiguration.ConfigurationCollection::.ctor()
DA:29,50
DA:31,50
FN:164,System.Object WB.AppConfiguration.ConfigurationCollection/<>c__DisplayClass16_1::<Push>g__valueProvider|1()
FNDA:16,System.Object WB.AppConfiguration.ConfigurationCollection/<>c__DisplayClass16_1::<Push>g__valueProvider|1()
DA:165,16
FN:181,System.Object WB.AppConfiguration.ConfigurationCollection/<>c__DisplayClass16_2::<Push>g__valueProvider|2()
FNDA:23,System.Object WB.AppConfiguration.ConfigurationCollection/<>c__DisplayClass16_2::<Push>g__valueProvider|2()
DA:182,23
FN:135,System.Boolean WB.AppConfiguration.ConfigurationCollection/<GetEnumerator>d__14::MoveNext()
FNDA:3,System.Boolean WB.AppConfiguration.ConfigurationCollection/<GetEnumerator>d__14::MoveNext()
DA:136,3
DA:137,21
DA:138,6
DA:139,6
DA:141,6
DA:142,6
DA:143,3
BRDA:137,197,1,6
BRDA:137,197,0,3
FN:86,System.Boolean WB.AppConfiguration.ConfigurationCollection/<get_Values>d__7::MoveNext()
FNDA:3,System.Boolean WB.AppConfiguration.ConfigurationCollection/<get_Values>d__7::MoveNext()
DA:87,3
DA:88,19
DA:89,5
DA:90,5
DA:92,5
DA:93,5
DA:94,3
BRDA:88,183,1,5
BRDA:88,183,0,3
LF:102
LH:102
BRF:22
BRH:22
FNF:17
FNH:17
end_of_record
SF:/Users/wolf/Coden/WB.AppConfiguration/src/DisposableCollection.cs
FN:26,System.Void WB.AppConfiguration.DisposableCollection::Add(System.IDisposable)
FNDA:121,System.Void WB.AppConfiguration.DisposableCollection::Add(System.IDisposable)
DA:27,121
DA:28,121
DA:29,121
FN:32,System.Void WB.AppConfiguration.DisposableCollection::Dispose()
FNDA:4,System.Void WB.AppConfiguration.DisposableCollection::Dispose()
DA:33,4
DA:34,28
DA:35,8
DA:36,8
DA:37,8
DA:38,4
BRDA:34,40,1,8
BRDA:34,40,0,4
FN:16,System.Void WB.AppConfiguration.DisposableCollection::.ctor()
FNDA:54,System.Void WB.AppConfiguration.DisposableCollection::.ctor()
DA:17,54
LF:10
LH:10
BRF:2
BRH:2
FNF:3
FNH:3
end_of_record
SF:/Users/wolf/Coden/WB.AppConfiguration/src/Extensions/ConfigurationExtensions.cs
FN:42,System.Boolean WB.AppConfiguration.ConfigurationExtensions::TryGetValue(WB.AppConfiguration.ConfigurationCollection,System.String,TValue&)
FNDA:3,System.Boolean WB.AppConfiguration.ConfigurationExtensions::TryGetValue(WB.AppConfiguration.ConfigurationCollection,System.String,TValue&)
DA:43,3
DA:44,3
DA:46,3
DA:47,2
DA:49,2
DA:50,2
DA:51,1
DA:52,1
DA:53,1
DA:54,1
DA:57,1
DA:60,1
DA:61,1
DA:63,1
DA:65,2
BRDA:46,24,0,2
BRDA:46,24,1,1
FN:91,System.Boolean WB.AppConfiguration.ConfigurationExtensions::TryGetValue(WB.AppConfiguration.ConfigurationCollection,System.String,System.Type,System.Object&)
FNDA:3,System.Boolean WB.AppConfiguration.ConfigurationExtensions::TryGetValue(WB.AppConfiguration.ConfigurationCollection,System.String,System.Type,System.Object&)
DA:92,3
DA:93,3
DA:95,3
DA:96,2
DA:98,2
DA:99,2
DA:100,1
DA:101,1
DA:102,1
DA:103,1
DA:106,1
DA:109,1
DA:110,1
DA:112,1
DA:114,2
BRDA:95,24,0,2
BRDA:95,24,1,1
FN:126,System.Object WB.AppConfiguration.ConfigurationExtensions::GetValue(WB.AppConfiguration.ConfigurationCollection,System.String)
FNDA:2,System.Object WB.AppConfiguration.ConfigurationExtensions::GetValue(WB.AppConfiguration.ConfigurationCollection,System.String)
DA:127,2
DA:128,2
DA:130,2
DA:131,1
FN:144,System.Object WB.AppConfiguration.ConfigurationExtensions::GetValue(WB.AppConfiguration.ConfigurationCollection,System.String,System.Type)
FNDA:4,System.Object WB.AppConfiguration.ConfigurationExtensions::GetValue(WB.AppConfiguration.ConfigurationCollection,System.String,System.Type)
DA:145,4
DA:146,4
DA:148,4
DA:150,3
DA:151,1
DA:152,1
DA:156,2
DA:157,2
DA:159,1
DA:160,1
DA:161,1
DA:163,2
BRDA:150,27,0,1
BRDA:150,27,1,2
FN:176,TValue WB.AppConfiguration.ConfigurationExtensions::GetValue(WB.AppConfiguration.ConfigurationCollection,System.String)
FNDA:4,TValue WB.AppConfiguration.ConfigurationExtensions::GetValue(WB.AppConfiguration.ConfigurationCollection,System.String)
DA:177,4
DA:178,4
DA:180,4
DA:183,2
DA:184,2
DA:186,1
DA:187,1
DA:188,1
DA:190,1
BRDA:180,21,0,1
BRDA:180,21,1,2
FN:209,TTarget WB.AppConfiguration.ConfigurationExtensions::Get(WB.AppConfiguration.ConfigurationCollection)
FNDA:4,TTarget WB.AppConfiguration.ConfigurationExtensions::Get(WB.AppConfiguration.ConfigurationCollection)
DA:210,4
DA:211,4
DA:213,4
DA:215,56
DA:216,15
DA:217,15
DA:218,7
DA:220,7
DA:221,3
DA:222,3
DA:223,3
DA:227,4
DA:229,4
DA:230,4
DA:231,3
DA:232,1
DA:233,1
DA:234,1
DA:236,3
DA:237,6
DA:238,14
DA:240,3
DA:241,3
BRDA:215,43,0,1
BRDA:215,43,1,4
BRDA:215,347,1,15
BRDA:217,110,0,7
BRDA:220,137,0,3
BRDA:220,137,1,4
BRDA:217,110,1,14
BRDA:215,347,0,3
LF:78
LH:78
BRF:16
BRH:16
FNF:6
FNH:6
end_of_record